current directory: /home/runner/work/r-socialsci/r-socialsci/.vendor/bundle/ruby/2.7.0/gems/unf_ext-0.0.8/ext/unf_ext
/opt/hostedtoolcache/Ruby/2.7.5/x64/bin/ruby -I /opt/hostedtoolcache/Ruby/2.7.5/x64/lib/ruby/2.7.0 -r ./siteconf20220103-12714-wdnvxw.rb extconf.rb
checking for -lstdc++... yes
creating Makefile

current directory: /home/runner/work/r-socialsci/r-socialsci/.vendor/bundle/ruby/2.7.0/gems/unf_ext-0.0.8/ext/unf_ext
make "DESTDIR=" clean
make[1]: Entering directory '/home/runner/work/r-socialsci/r-socialsci/.vendor/bundle/ruby/2.7.0/gems/unf_ext-0.0.8/ext/unf_ext'
Makefile:175: warning: overriding recipe for target 'clean'
p代eU:175: warning: ignoring old recipe for target 'clean'
Makefile:182: warning: overriding recipe for target 'distclean'
p代eU:182: warning: ignoring old recipe for target 'distclean'
Makefile:190: warning: overriding recipe for target 'install-so'
p代eU:190: warning: ignoring old recipe for target 'install-so'
Makefile:200: warning: overriding recipe for target 'pre-install-rb-default'
p代eU:200: warning: ignoring old recipe for target 'pre-install-rb-default'
Makefile:202: warning: overriding recipe for target '.sitearchdir.time'
p代eU:202: warning: ignoring old recipe for target '.sitearchdir.time'
Makefile:212: warning: overriding recipe for target '.cc.o'
p代eU:212: warning: ignoring old recipe for target '.cc.o'
Makefile:216: warning: overriding recipe for target '.cc.S'
p代eU:216: warning: ignoring old recipe for target '.cc.S'
Makefile:220: warning: overriding recipe for target '.mm.o'
p代eU:220: warning: ignoring old recipe for target '.mm.o'
Makefile:224: warning: overriding recipe for target '.mm.S'
p代eU:224: warning: ignoring old recipe for target '.mm.S'
Makefile:228: warning: overriding recipe for target '.cxx.o'
p代eU:228: warning: ignoring old recipe for target '.cxx.o'
Makefile:232: warning: overriding recipe for target '.cxx.S'
p代eU:232: warning: ignoring old recipe for target '.cxx.S'
Makefile:236: warning: overriding recipe for target '.cpp.o'
p代eU:236: warning: ignoring old recipe for target '.cpp.o'
Makefile:240: warning: overriding recipe for target '.cpp.S'
p代eU:240: warning: ignoring old recipe for target '.cpp.S'
Makefile:244: warning: overriding recipe for target '.c.o'
p代eU:244: warning: ignoring old recipe for target '.c.o'
Makefile:248: warning: overriding recipe for target '.c.S'
p代eU:248: warning: ignoring old recipe for target '.c.S'
Makefile:252: warning: overriding recipe for target '.m.o'
p代eU:252: warning: ignoring old recipe for target '.m.o'
Makefile:256: warning: overriding recipe for target '.m.S'
p代eU:256: warning: ignoring old recipe for target '.m.S'
Makefile:260: warning: overriding recipe for target 'unf_ext.so'
p代eU:260: warning: ignoring old recipe for target 'unf_ext.so'
make[1]: Leaving directory '/home/runner/work/r-socialsci/r-socialsci/.vendor/bundle/ruby/2.7.0/gems/unf_ext-0.0.8/ext/unf_ext'

current directory: /home/runner/work/r-socialsci/r-socialsci/.vendor/bundle/ruby/2.7.0/gems/unf_ext-0.0.8/ext/unf_ext
make "DESTDIR="
make[1]: Entering directory '/home/runner/work/r-socialsci/r-socialsci/.vendor/bundle/ruby/2.7.0/gems/unf_ext-0.0.8/ext/unf_ext'
Makefile:175: warning: overriding recipe for target 'clean'
p93V:175: warning: ignoring old recipe for target 'clean'
Makefile:182: warning: overriding recipe for target 'distclean'
p93V:182: warning: ignoring old recipe for target 'distclean'
Makefile:190: warning: overriding recipe for target 'install-so'
p93V:190: warning: ignoring old recipe for target 'install-so'
Makefile:200: warning: overriding recipe for target 'pre-install-rb-default'
p93V:200: warning: ignoring old recipe for target 'pre-install-rb-default'
Makefile:202: warning: overriding recipe for target '.sitearchdir.time'
p93V:202: warning: ignoring old recipe for target '.sitearchdir.time'
Makefile:212: warning: overriding recipe for target '.cc.o'
p93V:212: warning: ignoring old recipe for target '.cc.o'
Makefile:216: warning: overriding recipe for target '.cc.S'
p93V:216: warning: ignoring old recipe for target '.cc.S'
Makefile:220: warning: overriding recipe for target '.mm.o'
p93V:220: warning: ignoring old recipe for target '.mm.o'
Makefile:224: warning: overriding recipe for target '.mm.S'
p93V:224: warning: ignoring old recipe for target '.mm.S'
Makefile:228: warning: overriding recipe for target '.cxx.o'
p93V:228: warning: ignoring old recipe for target '.cxx.o'
Makefile:232: warning: overriding recipe for target '.cxx.S'
p93V:232: warning: ignoring old recipe for target '.cxx.S'
Makefile:236: warning: overriding recipe for target '.cpp.o'
p93V:236: warning: ignoring old recipe for target '.cpp.o'
Makefile:240: warning: overriding recipe for target '.cpp.S'
p93V:240: warning: ignoring old recipe for target '.cpp.S'
Makefile:244: warning: overriding recipe for target '.c.o'
p93V:244: warning: ignoring old recipe for target '.c.o'
Makefile:248: warning: overriding recipe for target '.c.S'
p93V:248: warning: ignoring old recipe for target '.c.S'
Makefile:252: warning: overriding recipe for target '.m.o'
p93V:252: warning: ignoring old recipe for target '.m.o'
Makefile:256: warning: overriding recipe for target '.m.S'
p93V:256: warning: ignoring old recipe for target '.m.S'
Makefile:260: warning: overriding recipe for target 'unf_ext.so'
p93V:260: warning: ignoring old recipe for target 'unf_ext.so'
compiling unf.cc
linking shared-object unf_ext.so
make[1]: Leaving directory '/home/runner/work/r-socialsci/r-socialsci/.vendor/bundle/ruby/2.7.0/gems/unf_ext-0.0.8/ext/unf_ext'

current directory: /home/runner/work/r-socialsci/r-socialsci/.vendor/bundle/ruby/2.7.0/gems/unf_ext-0.0.8/ext/unf_ext
make "DESTDIR=" install
make[1]: Entering directory '/home/runner/work/r-socialsci/r-socialsci/.vendor/bundle/ruby/2.7.0/gems/unf_ext-0.0.8/ext/unf_ext'
Makefile:175: warning: overriding recipe for target 'clean'
pM盎U:175: warning: ignoring old recipe for target 'clean'
Makefile:182: warning: overriding recipe for target 'distclean'
pM盎U:182: warning: ignoring old recipe for target 'distclean'
Makefile:190: warning: overriding recipe for target 'install-so'
pM盎U:190: warning: ignoring old recipe for target 'install-so'
Makefile:200: warning: overriding recipe for target 'pre-install-rb-default'
pM盎U:200: warning: ignoring old recipe for target 'pre-install-rb-default'
Makefile:202: warning: overriding recipe for target '.sitearchdir.time'
pM盎U:202: warning: ignoring old recipe for target '.sitearchdir.time'
Makefile:212: warning: overriding recipe for target '.cc.o'
pM盎U:212: warning: ignoring old recipe for target '.cc.o'
Makefile:216: warning: overriding recipe for target '.cc.S'
pM盎U:216: warning: ignoring old recipe for target '.cc.S'
Makefile:220: warning: overriding recipe for target '.mm.o'
pM盎U:220: warning: ignoring old recipe for target '.mm.o'
Makefile:224: warning: overriding recipe for target '.mm.S'
pM盎U:224: warning: ignoring old recipe for target '.mm.S'
Makefile:228: warning: overriding recipe for target '.cxx.o'
pM盎U:228: warning: ignoring old recipe for target '.cxx.o'
Makefile:232: warning: overriding recipe for target '.cxx.S'
pM盎U:232: warning: ignoring old recipe for target '.cxx.S'
Makefile:236: warning: overriding recipe for target '.cpp.o'
pM盎U:236: warning: ignoring old recipe for target '.cpp.o'
Makefile:240: warning: overriding recipe for target '.cpp.S'
pM盎U:240: warning: ignoring old recipe for target '.cpp.S'
Makefile:244: warning: overriding recipe for target '.c.o'
pM盎U:244: warning: ignoring old recipe for target '.c.o'
Makefile:248: warning: overriding recipe for target '.c.S'
pM盎U:248: warning: ignoring old recipe for target '.c.S'
Makefile:252: warning: overriding recipe for target '.m.o'
pM盎U:252: warning: ignoring old recipe for target '.m.o'
Makefile:256: warning: overriding recipe for target '.m.S'
pM盎U:256: warning: ignoring old recipe for target '.m.S'
Makefile:260: warning: overriding recipe for target 'unf_ext.so'
pM盎U:260: warning: ignoring old recipe for target 'unf_ext.so'
/usr/bin/install -c -m 0755 unf_ext.so ./.gem.20220103-12714-5u1g86
make[1]: Leaving directory '/home/runner/work/r-socialsci/r-socialsci/.vendor/bundle/ruby/2.7.0/gems/unf_ext-0.0.8/ext/unf_ext'
