current directory: /home/runner/work/r-socialsci/r-socialsci/.vendor/bundle/ruby/2.7.0/gems/commonmarker-0.23.5/ext/commonmarker
/opt/hostedtoolcache/Ruby/2.7.6/x64/bin/ruby -I /opt/hostedtoolcache/Ruby/2.7.6/x64/lib/ruby/2.7.0 -r ./siteconf20220909-13478-19g9qiw.rb extconf.rb
creating Makefile

current directory: /home/runner/work/r-socialsci/r-socialsci/.vendor/bundle/ruby/2.7.0/gems/commonmarker-0.23.5/ext/commonmarker
make "DESTDIR=" clean
make[1]: Entering directory '/home/runner/work/r-socialsci/r-socialsci/.vendor/bundle/ruby/2.7.0/gems/commonmarker-0.23.5/ext/commonmarker'
Makefile:175: warning: overriding recipe for target 'clean'
ê—≥:175: warning: ignoring old recipe for target 'clean'
Makefile:182: warning: overriding recipe for target 'distclean'
ê—≥:182: warning: ignoring old recipe for target 'distclean'
Makefile:190: warning: overriding recipe for target 'install-so'
ê—≥:190: warning: ignoring old recipe for target 'install-so'
Makefile:200: warning: overriding recipe for target 'pre-install-rb-default'
ê—≥:200: warning: ignoring old recipe for target 'pre-install-rb-default'
Makefile:202: warning: overriding recipe for target '.sitearchdir.-.commonmarker.time'
ê—≥:202: warning: ignoring old recipe for target '.sitearchdir.-.commonmarker.time'
Makefile:212: warning: overriding recipe for target '.cc.o'
ê—≥:212: warning: ignoring old recipe for target '.cc.o'
Makefile:216: warning: overriding recipe for target '.cc.S'
ê—≥:216: warning: ignoring old recipe for target '.cc.S'
Makefile:220: warning: overriding recipe for target '.mm.o'
ê—≥:220: warning: ignoring old recipe for target '.mm.o'
Makefile:224: warning: overriding recipe for target '.mm.S'
ê—≥:224: warning: ignoring old recipe for target '.mm.S'
Makefile:228: warning: overriding recipe for target '.cxx.o'
ê—≥:228: warning: ignoring old recipe for target '.cxx.o'
Makefile:232: warning: overriding recipe for target '.cxx.S'
ê—≥:232: warning: ignoring old recipe for target '.cxx.S'
Makefile:236: warning: overriding recipe for target '.cpp.o'
ê—≥:236: warning: ignoring old recipe for target '.cpp.o'
Makefile:240: warning: overriding recipe for target '.cpp.S'
ê—≥:240: warning: ignoring old recipe for target '.cpp.S'
Makefile:244: warning: overriding recipe for target '.c.o'
ê—≥:244: warning: ignoring old recipe for target '.c.o'
Makefile:248: warning: overriding recipe for target '.c.S'
ê—≥:248: warning: ignoring old recipe for target '.c.S'
Makefile:252: warning: overriding recipe for target '.m.o'
ê—≥:252: warning: ignoring old recipe for target '.m.o'
Makefile:256: warning: overriding recipe for target '.m.S'
ê—≥:256: warning: ignoring old recipe for target '.m.S'
Makefile:260: warning: overriding recipe for target 'commonmarker.so'
ê—≥:260: warning: ignoring old recipe for target 'commonmarker.so'
make[1]: Leaving directory '/home/runner/work/r-socialsci/r-socialsci/.vendor/bundle/ruby/2.7.0/gems/commonmarker-0.23.5/ext/commonmarker'

current directory: /home/runner/work/r-socialsci/r-socialsci/.vendor/bundle/ruby/2.7.0/gems/commonmarker-0.23.5/ext/commonmarker
make "DESTDIR="
make[1]: Entering directory '/home/runner/work/r-socialsci/r-socialsci/.vendor/bundle/ruby/2.7.0/gems/commonmarker-0.23.5/ext/commonmarker'
Makefile:175: warning: overriding recipe for target 'clean'
êa1ÇÿU:175: warning: ignoring old recipe for target 'clean'
Makefile:182: warning: overriding recipe for target 'distclean'
êa1ÇÿU:182: warning: ignoring old recipe for target 'distclean'
Makefile:190: warning: overriding recipe for target 'install-so'
êa1ÇÿU:190: warning: ignoring old recipe for target 'install-so'
Makefile:200: warning: overriding recipe for target 'pre-install-rb-default'
êa1ÇÿU:200: warning: ignoring old recipe for target 'pre-install-rb-default'
Makefile:202: warning: overriding recipe for target '.sitearchdir.-.commonmarker.time'
êa1ÇÿU:202: warning: ignoring old recipe for target '.sitearchdir.-.commonmarker.time'
Makefile:212: warning: overriding recipe for target '.cc.o'
êa1ÇÿU:212: warning: ignoring old recipe for target '.cc.o'
Makefile:216: warning: overriding recipe for target '.cc.S'
êa1ÇÿU:216: warning: ignoring old recipe for target '.cc.S'
Makefile:220: warning: overriding recipe for target '.mm.o'
êa1ÇÿU:220: warning: ignoring old recipe for target '.mm.o'
Makefile:224: warning: overriding recipe for target '.mm.S'
êa1ÇÿU:224: warning: ignoring old recipe for target '.mm.S'
Makefile:228: warning: overriding recipe for target '.cxx.o'
êa1ÇÿU:228: warning: ignoring old recipe for target '.cxx.o'
Makefile:232: warning: overriding recipe for target '.cxx.S'
êa1ÇÿU:232: warning: ignoring old recipe for target '.cxx.S'
Makefile:236: warning: overriding recipe for target '.cpp.o'
êa1ÇÿU:236: warning: ignoring old recipe for target '.cpp.o'
Makefile:240: warning: overriding recipe for target '.cpp.S'
êa1ÇÿU:240: warning: ignoring old recipe for target '.cpp.S'
Makefile:244: warning: overriding recipe for target '.c.o'
êa1ÇÿU:244: warning: ignoring old recipe for target '.c.o'
Makefile:248: warning: overriding recipe for target '.c.S'
êa1ÇÿU:248: warning: ignoring old recipe for target '.c.S'
Makefile:252: warning: overriding recipe for target '.m.o'
êa1ÇÿU:252: warning: ignoring old recipe for target '.m.o'
Makefile:256: warning: overriding recipe for target '.m.S'
êa1ÇÿU:256: warning: ignoring old recipe for target '.m.S'
Makefile:260: warning: overriding recipe for target 'commonmarker.so'
êa1ÇÿU:260: warning: ignoring old recipe for target 'commonmarker.so'
compiling arena.c
compiling autolink.c
compiling blocks.c
compiling buffer.c
compiling cmark.c
compiling cmark_ctype.c
compiling commonmark.c
compiling commonmarker.c
In file included from houdini.h:9,
                 from commonmarker.c:3:
config.h:8: warning: "HAVE_STDBOOL_H" redefined
    8 | #define HAVE_STDBOOL_H
      | 
In file included from /opt/hostedtoolcache/Ruby/2.7.6/x64/include/ruby-2.7.0/ruby/ruby.h:24,
                 from /opt/hostedtoolcache/Ruby/2.7.6/x64/include/ruby-2.7.0/ruby.h:33,
                 from commonmarker.h:9,
                 from commonmarker.c:1:
/opt/hostedtoolcache/Ruby/2.7.6/x64/include/ruby-2.7.0/x86_64-linux/ruby/config.h:26: note: this is the location of the previous definition
   26 | #define HAVE_STDBOOL_H 1
      | 
compiling core-extensions.c
compiling ext_scanners.c
compiling footnotes.c
compiling houdini_href_e.c
compiling houdini_html_e.c
compiling houdini_html_u.c
compiling html.c
compiling inlines.c
compiling iterator.c
compiling latex.c
compiling linked_list.c
compiling man.c
compiling map.c
compiling node.c
compiling plaintext.c
compiling plugin.c
compiling references.c
compiling registry.c
compiling render.c
compiling scanners.c
compiling strikethrough.c
compiling syntax_extension.c
compiling table.c
compiling tagfilter.c
compiling tasklist.c
compiling utf8.c
compiling xml.c
linking shared-object commonmarker/commonmarker.so
make[1]: Leaving directory '/home/runner/work/r-socialsci/r-socialsci/.vendor/bundle/ruby/2.7.0/gems/commonmarker-0.23.5/ext/commonmarker'

current directory: /home/runner/work/r-socialsci/r-socialsci/.vendor/bundle/ruby/2.7.0/gems/commonmarker-0.23.5/ext/commonmarker
make "DESTDIR=" install
make[1]: Entering directory '/home/runner/work/r-socialsci/r-socialsci/.vendor/bundle/ruby/2.7.0/gems/commonmarker-0.23.5/ext/commonmarker'
Makefile:175: warning: overriding recipe for target 'clean'
ê1!O’U:175: warning: ignoring old recipe for target 'clean'
Makefile:182: warning: overriding recipe for target 'distclean'
ê1!O’U:182: warning: ignoring old recipe for target 'distclean'
Makefile:190: warning: overriding recipe for target 'install-so'
ê1!O’U:190: warning: ignoring old recipe for target 'install-so'
Makefile:200: warning: overriding recipe for target 'pre-install-rb-default'
ê1!O’U:200: warning: ignoring old recipe for target 'pre-install-rb-default'
Makefile:202: warning: overriding recipe for target '.sitearchdir.-.commonmarker.time'
ê1!O’U:202: warning: ignoring old recipe for target '.sitearchdir.-.commonmarker.time'
Makefile:212: warning: overriding recipe for target '.cc.o'
ê1!O’U:212: warning: ignoring old recipe for target '.cc.o'
Makefile:216: warning: overriding recipe for target '.cc.S'
ê1!O’U:216: warning: ignoring old recipe for target '.cc.S'
Makefile:220: warning: overriding recipe for target '.mm.o'
ê1!O’U:220: warning: ignoring old recipe for target '.mm.o'
Makefile:224: warning: overriding recipe for target '.mm.S'
ê1!O’U:224: warning: ignoring old recipe for target '.mm.S'
Makefile:228: warning: overriding recipe for target '.cxx.o'
ê1!O’U:228: warning: ignoring old recipe for target '.cxx.o'
Makefile:232: warning: overriding recipe for target '.cxx.S'
ê1!O’U:232: warning: ignoring old recipe for target '.cxx.S'
Makefile:236: warning: overriding recipe for target '.cpp.o'
ê1!O’U:236: warning: ignoring old recipe for target '.cpp.o'
Makefile:240: warning: overriding recipe for target '.cpp.S'
ê1!O’U:240: warning: ignoring old recipe for target '.cpp.S'
Makefile:244: warning: overriding recipe for target '.c.o'
ê1!O’U:244: warning: ignoring old recipe for target '.c.o'
Makefile:248: warning: overriding recipe for target '.c.S'
ê1!O’U:248: warning: ignoring old recipe for target '.c.S'
Makefile:252: warning: overriding recipe for target '.m.o'
ê1!O’U:252: warning: ignoring old recipe for target '.m.o'
Makefile:256: warning: overriding recipe for target '.m.S'
ê1!O’U:256: warning: ignoring old recipe for target '.m.S'
Makefile:260: warning: overriding recipe for target 'commonmarker.so'
ê1!O’U:260: warning: ignoring old recipe for target 'commonmarker.so'
/usr/bin/install -c -m 0755 commonmarker.so ./.gem.20220909-13478-15pb5ei/commonmarker
make[1]: Leaving directory '/home/runner/work/r-socialsci/r-socialsci/.vendor/bundle/ruby/2.7.0/gems/commonmarker-0.23.5/ext/commonmarker'
